<?xml version="1.0" encoding="UTF-8"?>
<testsuite name="service.CepDBTest" tests="1" skipped="0" failures="0" errors="0" timestamp="2019-06-20T15:09:30" hostname="DESKTOP-K7SU59U" time="0.001">
  <properties/>
  <testcase name="criaExemplosDeveRetornarCep" classname="service.CepDBTest" time="0.001"/>
  <system-out><![CDATA[]]></system-out>
  <system-err><![CDATA[]]></system-err>
</testsuite>
